<?xml version="1.0" encoding="UTF-8"?>
<!-- Generated by org.testng.reporters.JUnitXMLReporter -->
<testsuite hostname="EC2AMAZ-S6A7FMN" ignored="0" name="Test" tests="5" failures="0" timestamp="07 May 2022 05:53:54 GMT" time="33.652" errors="0">
  <testcase name="validateBasicAuthByProvidingCorrectUNandPWD" time="0.658" classname="com.test.sample.practice_automation.tests.AutomationScripts"/>
  <testcase name="validateFileUpload" time="2.462" classname="com.test.sample.practice_automation.tests.AutomationScripts"/>
  <testcase name="validateFormAuthenticationForValidUNandPWD" time="1.525" classname="com.test.sample.practice_automation.tests.AutomationScripts"/>
  <testcase name="validateFormAuthenticationForInvalidUNandPWD" time="1.53" classname="com.test.sample.practice_automation.tests.AutomationScripts"/>
  <testcase name="validateCheckboxStatus" time="0.515" classname="com.test.sample.practice_automation.tests.AutomationScripts"/>
</testsuite> <!-- Test -->
